-------------------------------------------------------------------------------
Test set: com.udacity.catpoint.security.service.SecurityServiceTest
-------------------------------------------------------------------------------
Tests run: 1, Failures: 0, Errors: 1, Skipped: 0, Time elapsed: 0.028 s <<< FAILURE! - in com.udacity.catpoint.security.service.SecurityServiceTest
com.udacity.catpoint.security.service.SecurityServiceTest  Time elapsed: 0.028 s  <<< ERROR!
java.lang.ExceptionInInitializerError
Caused by: java.lang.NullPointerException: Cannot invoke "org.mockito.internal.configuration.plugins.PluginRegistry.getStackTraceCleanerProvider()" because "org.mockito.internal.configuration.plugins.Plugins.registry" is null

