-------------------------------------------------------------------------------
Test set: com.udacity.catpoint.security.service.SecurityServiceTest
-------------------------------------------------------------------------------
Tests run: 14, Failures: 2, Errors: 0, Skipped: 0, Time elapsed: 1.582 s <<< FAILURE! - in com.udacity.catpoint.security.service.SecurityServiceTest
com.udacity.catpoint.security.service.SecurityServiceTest.systemIsDisArmed_setStatusToNoAlarm(boolean)[1]  Time elapsed: 0.016 s  <<< FAILURE!
org.mockito.exceptions.verification.WantedButNotInvoked: 

Wanted but not invoked:
securityRepository.setAlarmStatus(NO_ALARM);
-> at com.udacity.catpoint.security/com.udacity.catpoint.security.service.SecurityServiceTest.systemIsDisArmed_setStatusToNoAlarm(SecurityServiceTest.java:153)

However, there were exactly 3 interactions with this mock:
securityRepository.getAlarmStatus();
-> at com.udacity.catpoint.security/com.udacity.catpoint.security.service.SecurityService.changeSensorActivationStatus(SecurityService.java:117)

securityRepository.getArmingStatus();
-> at com.udacity.catpoint.security/com.udacity.catpoint.security.service.SecurityService.handleSensorActivated(SecurityService.java:88)

securityRepository.updateSensor(
    com.udacity.catpoint.security.data.Sensor@8a8b5512
);
-> at com.udacity.catpoint.security/com.udacity.catpoint.security.service.SecurityService.changeSensorActivationStatus(SecurityService.java:125)


	at com.udacity.catpoint.security/com.udacity.catpoint.security.service.SecurityServiceTest.systemIsDisArmed_setStatusToNoAlarm(SecurityServiceTest.java:153)

com.udacity.catpoint.security.service.SecurityServiceTest.systemIsDisArmed_setStatusToNoAlarm(boolean)[2]  Time elapsed: 0.007 s  <<< FAILURE!
org.mockito.exceptions.verification.WantedButNotInvoked: 

Wanted but not invoked:
securityRepository.setAlarmStatus(NO_ALARM);
-> at com.udacity.catpoint.security/com.udacity.catpoint.security.service.SecurityServiceTest.systemIsDisArmed_setStatusToNoAlarm(SecurityServiceTest.java:153)

However, there were exactly 2 interactions with this mock:
securityRepository.getAlarmStatus();
-> at com.udacity.catpoint.security/com.udacity.catpoint.security.service.SecurityService.changeSensorActivationStatus(SecurityService.java:117)

securityRepository.updateSensor(
    com.udacity.catpoint.security.data.Sensor@6c76e4df
);
-> at com.udacity.catpoint.security/com.udacity.catpoint.security.service.SecurityService.changeSensorActivationStatus(SecurityService.java:125)


	at com.udacity.catpoint.security/com.udacity.catpoint.security.service.SecurityServiceTest.systemIsDisArmed_setStatusToNoAlarm(SecurityServiceTest.java:153)

