<?xml version="1.0" encoding="UTF-8"?>
<testsuite xmlns:xsi="http://www.w3.org/2001/XMLSchema-instance" xsi:noNamespaceSchemaLocation="https://maven.apache.org/surefire/maven-surefire-plugin/xsd/surefire-test-report-3.0.xsd" version="3.0" name="com.udacity.catpoint.security.service.SecurityServiceTest" time="0.028" tests="1" errors="1" skipped="0" failures="0">
  <properties>
[...]
</properties>
  <testcase name="" classname="com.udacity.catpoint.security.service.SecurityServiceTest" time="0.028">
    <error type="java.lang.ExceptionInInitializerError"><![CDATA[java.lang.ExceptionInInitializerError
Caused by: java.lang.NullPointerException: Cannot invoke "org.mockito.internal.configuration.plugins.PluginRegistry.getStackTraceCleanerProvider()" because "org.mockito.internal.configuration.plugins.Plugins.registry" is null
]]></error>
  </testcase>
</testsuite>